<?xml version="1.0" encoding="UTF-8"?>
<testng-results ignored="0" total="1" passed="1" failed="0" skipped="0">
  <reporter-output>
  </reporter-output>
  <suite started-at="2023-10-24T13:00:09 PKT" name="Suite" finished-at="2023-10-24T13:00:35 PKT" duration-ms="25943">
    <groups>
    </groups>
    <test started-at="2023-10-24T13:00:09 PKT" name="BankingApp Test" finished-at="2023-10-24T13:00:35 PKT" duration-ms="25943">
      <class name="com.inetbanking.testCases.TC_AddCustomerTest_003">
        <test-method is-config="true" signature="setUp(java.lang.String)[pri:0, instance:com.inetbanking.testCases.TC_AddCustomerTest_003@7494f96a]" started-at="2023-10-24T13:00:09 PKT" name="setUp" finished-at="2023-10-24T13:00:14 PKT" duration-ms="4819" status="PASS">
          <params>
            <param index="0">
              <value>
                <![CDATA[chrome]]>
              </value>
            </param>
          </params>
          <reporter-output>
          </reporter-output>
        </test-method> <!-- setUp -->
        <test-method signature="addNewCustomer()[pri:0, instance:com.inetbanking.testCases.TC_AddCustomerTest_003@7494f96a]" started-at="2023-10-24T13:00:14 PKT" name="addNewCustomer" finished-at="2023-10-24T13:00:33 PKT" duration-ms="19363" status="PASS">
          <reporter-output>
          </reporter-output>
        </test-method> <!-- addNewCustomer -->
        <test-method is-config="true" signature="tearDown()[pri:0, instance:com.inetbanking.testCases.TC_AddCustomerTest_003@7494f96a]" started-at="2023-10-24T13:00:33 PKT" name="tearDown" finished-at="2023-10-24T13:00:35 PKT" duration-ms="1074" status="PASS">
          <reporter-output>
          </reporter-output>
        </test-method> <!-- tearDown -->
      </class> <!-- com.inetbanking.testCases.TC_AddCustomerTest_003 -->
    </test> <!-- BankingApp Test -->
  </suite> <!-- Suite -->
</testng-results>
